<?xml version="1.0" encoding="UTF-8"?>
<!-- Generated by org.testng.reporters.JUnitReportReporter -->
<testsuite hostname="Keert_Div-PC" failures="0" tests="3" name="testScript.TestClass" time="624.170" errors="0" timestamp="2021-05-12T13:02:52 IST" skipped="0">
  <testcase classname="testScript.TestClass" name="HospitalList" time="175.389"/>
  <system-out/>
  <testcase classname="testScript.TestClass" name="DiagonosticsPage" time="19.876"/>
  <system-out/>
  <testcase classname="testScript.TestClass" name="corporateWellnessPage" time="428.905"/>
  <system-out/>
</testsuite> <!-- testScript.TestClass -->
